<?xml version="1.0" encoding="UTF-8"?>
<testng-results ignored="0" total="1" passed="1" failed="0" skipped="0">
  <reporter-output>
  </reporter-output>
  <suite started-at="2018-07-21T01:34:35Z" name="BDD Test Suite" finished-at="2018-07-21T01:35:07Z" duration-ms="32496">
    <groups>
      <group name="cucumber">
        <method signature="TestRunner.feature(cucumber.api.testng.CucumberFeatureWrapper)[pri:0, instance:runners.TestRunner@3857f613]" name="feature" class="runners.TestRunner"/>
      </group> <!-- cucumber -->
    </groups>
    <test started-at="2018-07-21T01:34:35Z" name="FREE CRM Test" finished-at="2018-07-21T01:35:07Z" duration-ms="32496">
      <class name="runners.TestRunner">
        <test-method is-config="true" signature="setUpClass()[pri:0, instance:runners.TestRunner@3857f613]" started-at="2018-07-21T01:34:35Z" name="setUpClass" finished-at="2018-07-21T01:34:36Z" duration-ms="608" status="PASS">
          <reporter-output>
          </reporter-output>
        </test-method> <!-- setUpClass -->
        <test-method signature="feature(cucumber.api.testng.CucumberFeatureWrapper)[pri:0, instance:runners.TestRunner@3857f613]" started-at="2018-07-21T01:34:36Z" name="feature" description="Runs Cucumber Feature" data-provider="features" finished-at="2018-07-21T01:35:07Z" duration-ms="31441" status="PASS">
          <params>
            <param index="0">
              <value>
                <![CDATA[Search]]>
              </value>
            </param>
          </params>
          <reporter-output>
          </reporter-output>
        </test-method> <!-- feature -->
        <test-method is-config="true" signature="tearDownClass()[pri:0, instance:runners.TestRunner@3857f613]" started-at="2018-07-21T01:35:07Z" name="tearDownClass" finished-at="2018-07-21T01:35:07Z" duration-ms="160" status="PASS">
          <reporter-output>
          </reporter-output>
        </test-method> <!-- tearDownClass -->
      </class> <!-- runners.TestRunner -->
    </test> <!-- FREE CRM Test -->
  </suite> <!-- BDD Test Suite -->
</testng-results>
